<?xml version="1.0" encoding="UTF-8"?>
<!-- Generated by org.testng.reporters.JUnitReportReporter -->
<testsuite skipped="0" hostname="LAPTOP-GMDJ3E4M" name="com.ti.testcases.TestClass" tests="2" failures="0" timestamp="2022-06-24T12:32:17 CDT" time="36.060" errors="0">
  <testcase name="searchBeer" time="18.016" classname="com.ti.testcases.TestClass"/>
  <system-out/>
  <testcase name="selectWine" time="18.044" classname="com.ti.testcases.TestClass"/>
  <system-out/>
</testsuite> <!-- com.ti.testcases.TestClass -->
