<?xml version="1.0" encoding="UTF-8"?>
<!-- Generated by org.testng.reporters.JUnitReportReporter -->
<testsuite skipped="0" hostname="LAPTOP-GMDJ3E4M" name="com.ti.testcases.TestClass" tests="2" failures="0" timestamp="2022-06-24T12:56:35 CDT" time="36.215" errors="0">
  <testcase name="searchBeer" time="17.316" classname="com.ti.testcases.TestClass"/>
  <system-out/>
  <testcase name="selectWine" time="18.899" classname="com.ti.testcases.TestClass"/>
  <system-out/>
</testsuite> <!-- com.ti.testcases.TestClass -->
